# JRE version: OpenJDK Runtime Environment Temurin-17.0.4.1+1 (17.0.4.1+1) (build 17.0.4.1+1)
# Java VM: OpenJDK 64-Bit Server VM Temurin-17.0.4.1+1 (17.0.4.1+1, mixed mode, emulated-client, tiered, compressed oops, compressed class ptrs, g1 gc, windows-amd64)
GC Precious Log:
 CPUs: 8 total, 8 available
 Memory: 6030M
 Large Page Support: Disabled
 NUMA Support: Disabled
 Compressed Oops: Enabled (32-bit)
 Heap Region Size: 1M
 Heap Min Capacity: 8M
 Heap Initial Capacity: 96M
 Heap Max Capacity: 1508M
 Pre-touch: Disabled
 Parallel Workers: 8
 Concurrent Workers: 2
 Concurrent Refinement Workers: 8
 Periodic GC: Disabled
Heap:
 garbage-first heap   total 58368K, used 38191K [0x00000000a1c00000, 0x0000000100000000)
  region size 1024K, 20 young (20480K), 3 survivors (3072K)
 Metaspace       used 52563K, committed 52992K, reserved 1097728K
  class space    used 6633K, committed 6848K, reserved 1048576K
GC Heap History (20 events):
Event: 4.719 GC heap before
{Heap before GC invocations=8 (full 0):
 garbage-first heap   total 72704K, used 49481K [0x00000000a1c00000, 0x0000000100000000)
  region size 1024K, 42 young (43008K), 1 survivors (1024K)
 Metaspace       used 28860K, committed 29120K, reserved 1081344K
  class space    used 3406K, committed 3520K, reserved 1048576K
}
Event: 4.725 GC heap after
{Heap after GC invocations=9 (full 0):
 garbage-first heap   total 72704K, used 10434K [0x00000000a1c00000, 0x0000000100000000)
  region size 1024K, 3 young (3072K), 3 survivors (3072K)
 Metaspace       used 28860K, committed 29120K, reserved 1081344K
  class space    used 3406K, committed 3520K, reserved 1048576K
}
Event: 5.484 GC heap before
{Heap before GC invocations=9 (full 0):
 garbage-first heap   total 72704K, used 49346K [0x00000000a1c00000, 0x0000000100000000)
  region size 1024K, 42 young (43008K), 3 survivors (3072K)
 Metaspace       used 31479K, committed 31744K, reserved 1081344K
  class space    used 3789K, committed 3904K, reserved 1048576K
}
Event: 5.496 GC heap after
{Heap after GC invocations=10 (full 0):
 garbage-first heap   total 72704K, used 11275K [0x00000000a1c00000, 0x0000000100000000)
  region size 1024K, 4 young (4096K), 4 survivors (4096K)
 Metaspace       used 31479K, committed 31744K, reserved 1081344K
  class space    used 3789K, committed 3904K, reserved 1048576K
}
Event: 6.486 GC heap before
{Heap before GC invocations=10 (full 0):
 garbage-first heap   total 72704K, used 46091K [0x00000000a1c00000, 0x0000000100000000)
  region size 1024K, 39 young (39936K), 4 survivors (4096K)
 Metaspace       used 35656K, committed 35968K, reserved 1081344K
  class space    used 4422K, committed 4544K, reserved 1048576K
}
Event: 6.500 GC heap after
{Heap after GC invocations=11 (full 0):
 garbage-first heap   total 72704K, used 13187K [0x00000000a1c00000, 0x0000000100000000)
  region size 1024K, 5 young (5120K), 5 survivors (5120K)
 Metaspace       used 35656K, committed 35968K, reserved 1081344K
  class space    used 4422K, committed 4544K, reserved 1048576K
}
Event: 7.203 GC heap before
{Heap before GC invocations=12 (full 0):
 garbage-first heap   total 48128K, used 39811K [0x00000000a1c00000, 0x0000000100000000)
  region size 1024K, 32 young (32768K), 5 survivors (5120K)
 Metaspace       used 38126K, committed 38528K, reserved 1089536K
  class space    used 4707K, committed 4864K, reserved 1048576K
}
Event: 7.231 GC heap after
{Heap after GC invocations=13 (full 0):
 garbage-first heap   total 48128K, used 14948K [0x00000000a1c00000, 0x0000000100000000)
  region size 1024K, 4 young (4096K), 4 survivors (4096K)
 Metaspace       used 38126K, committed 38528K, reserved 1089536K
  class space    used 4707K, committed 4864K, reserved 1048576K
}
Event: 7.793 GC heap before
{Heap before GC invocations=13 (full 0):
 garbage-first heap   total 48128K, used 37476K [0x00000000a1c00000, 0x0000000100000000)
  region size 1024K, 26 young (26624K), 4 survivors (4096K)
 Metaspace       used 39603K, committed 40000K, reserved 1089536K
  class space    used 4897K, committed 5056K, reserved 1048576K
}
Event: 7.798 GC heap after
{Heap after GC invocations=14 (full 0):
 garbage-first heap   total 48128K, used 16015K [0x00000000a1c00000, 0x0000000100000000)
  region size 1024K, 3 young (3072K), 3 survivors (3072K)
 Metaspace       used 39603K, committed 40000K, reserved 1089536K
  class space    used 4897K, committed 5056K, reserved 1048576K
}
Event: 8.356 GC heap before
{Heap before GC invocations=14 (full 0):
 garbage-first heap   total 48128K, used 37519K [0x00000000a1c00000, 0x0000000100000000)
  region size 1024K, 25 young (25600K), 3 survivors (3072K)
 Metaspace       used 41207K, committed 41600K, reserved 1089536K
  class space    used 5141K, committed 5312K, reserved 1048576K
}
Event: 8.360 GC heap after
{Heap after GC invocations=15 (full 0):
 garbage-first heap   total 48128K, used 17398K [0x00000000a1c00000, 0x0000000100000000)
  region size 1024K, 3 young (3072K), 3 survivors (3072K)
 Metaspace       used 41207K, committed 41600K, reserved 1089536K
  class space    used 5141K, committed 5312K, reserved 1048576K
}
Event: 8.778 GC heap before
{Heap before GC invocations=15 (full 0):
 garbage-first heap   total 48128K, used 37878K [0x00000000a1c00000, 0x0000000100000000)
  region size 1024K, 23 young (23552K), 3 survivors (3072K)
 Metaspace       used 42619K, committed 43008K, reserved 1089536K
  class space    used 5345K, committed 5504K, reserved 1048576K
}
Event: 8.785 GC heap after
{Heap after GC invocations=16 (full 0):
 garbage-first heap   total 48128K, used 18254K [0x00000000a1c00000, 0x0000000100000000)
  region size 1024K, 3 young (3072K), 3 survivors (3072K)
 Metaspace       used 42619K, committed 43008K, reserved 1089536K
  class space    used 5345K, committed 5504K, reserved 1048576K
}
Event: 9.210 GC heap before
{Heap before GC invocations=16 (full 0):
 garbage-first heap   total 48128K, used 36686K [0x00000000a1c00000, 0x0000000100000000)
  region size 1024K, 22 young (22528K), 3 survivors (3072K)
 Metaspace       used 44465K, committed 44928K, reserved 1089536K
  class space    used 5548K, committed 5760K, reserved 1048576K
}
Event: 9.219 GC heap after
{Heap after GC invocations=17 (full 0):
 garbage-first heap   total 58368K, used 19206K [0x00000000a1c00000, 0x0000000100000000)
  region size 1024K, 3 young (3072K), 3 survivors (3072K)
 Metaspace       used 44465K, committed 44928K, reserved 1089536K
  class space    used 5548K, committed 5760K, reserved 1048576K
}
Event: 10.095 GC heap before
{Heap before GC invocations=17 (full 0):
 garbage-first heap   total 58368K, used 45830K [0x00000000a1c00000, 0x0000000100000000)
  region size 1024K, 29 young (29696K), 3 survivors (3072K)
 Metaspace       used 49307K, committed 49728K, reserved 1097728K
  class space    used 6199K, committed 6400K, reserved 1048576K
}
Event: 10.101 GC heap after
{Heap after GC invocations=18 (full 0):
 garbage-first heap   total 58368K, used 20701K [0x00000000a1c00000, 0x0000000100000000)
  region size 1024K, 4 young (4096K), 4 survivors (4096K)
 Metaspace       used 49307K, committed 49728K, reserved 1097728K
  class space    used 6199K, committed 6400K, reserved 1048576K
}
Event: 12.780 GC heap before
{Heap before GC invocations=18 (full 0):
 garbage-first heap   total 58368K, used 46301K [0x00000000a1c00000, 0x0000000100000000)
  region size 1024K, 29 young (29696K), 4 survivors (4096K)
 Metaspace       used 50831K, committed 51264K, reserved 1097728K
  class space    used 6408K, committed 6592K, reserved 1048576K
}
Event: 12.789 GC heap after
{Heap after GC invocations=19 (full 0):
 garbage-first heap   total 58368K, used 21807K [0x00000000a1c00000, 0x0000000100000000)
  region size 1024K, 3 young (3072K), 3 survivors (3072K)
 Metaspace       used 50831K, committed 51264K, reserved 1097728K
  class space    used 6408K, committed 6592K, reserved 1048576K
}

